<?xml version="1.0" encoding="UTF-8"?>
<testng-results skipped="0" failed="0" ignored="0" total="2" passed="2">
  <reporter-output>
  </reporter-output>
  <suite name="Suite" duration-ms="3112" started-at="2021-11-08T07:44:29 UTC" finished-at="2021-11-08T07:44:33 UTC">
    <groups>
    </groups>
    <test name="Test" duration-ms="3112" started-at="2021-11-08T07:44:29 UTC" finished-at="2021-11-08T07:44:33 UTC">
      <class name="test.LoginTest">
        <test-method status="PASS" signature="reportSetup()[pri:0, instance:test.LoginTest@7a187f14]" name="reportSetup" is-config="true" duration-ms="120" started-at="2021-11-08T07:44:29 UTC" finished-at="2021-11-08T07:44:30 UTC">
          <reporter-output>
          </reporter-output>
        </test-method> <!-- reportSetup -->
        <test-method status="PASS" signature="setup()[pri:0, instance:test.LoginTest@7a187f14]" name="setup" is-config="true" duration-ms="1116" started-at="2021-11-08T07:44:30 UTC" finished-at="2021-11-08T07:44:31 UTC">
          <reporter-output>
          </reporter-output>
        </test-method> <!-- setup -->
        <test-method status="PASS" signature="NegativeLogin(java.lang.String,java.lang.String)[pri:0, instance:test.LoginTest@7a187f14]" name="NegativeLogin" duration-ms="367" started-at="2021-11-08T07:44:31 UTC" finished-at="2021-11-08T07:44:31 UTC">
          <params>
            <param index="0">
              <value>
                <![CDATA[standard_user]]>
              </value>
            </param>
            <param index="1">
              <value>
                <![CDATA[Abc@1234]]>
              </value>
            </param>
          </params>
          <reporter-output>
          </reporter-output>
        </test-method> <!-- NegativeLogin -->
        <test-method status="PASS" signature="teardown()[pri:0, instance:test.LoginTest@7a187f14]" name="teardown" is-config="true" duration-ms="72" started-at="2021-11-08T07:44:31 UTC" finished-at="2021-11-08T07:44:31 UTC">
          <reporter-output>
          </reporter-output>
        </test-method> <!-- teardown -->
        <test-method status="PASS" signature="setup()[pri:0, instance:test.LoginTest@7a187f14]" name="setup" is-config="true" duration-ms="732" started-at="2021-11-08T07:44:31 UTC" finished-at="2021-11-08T07:44:32 UTC">
          <reporter-output>
          </reporter-output>
        </test-method> <!-- setup -->
        <test-method status="PASS" signature="PositiveLogin(java.lang.String,java.lang.String)[pri:0, instance:test.LoginTest@7a187f14]" name="PositiveLogin" duration-ms="322" started-at="2021-11-08T07:44:32 UTC" finished-at="2021-11-08T07:44:32 UTC">
          <params>
            <param index="0">
              <value>
                <![CDATA[standard_user]]>
              </value>
            </param>
            <param index="1">
              <value>
                <![CDATA[secret_sauce]]>
              </value>
            </param>
          </params>
          <reporter-output>
          </reporter-output>
        </test-method> <!-- PositiveLogin -->
        <test-method status="PASS" signature="teardown()[pri:0, instance:test.LoginTest@7a187f14]" name="teardown" is-config="true" duration-ms="121" started-at="2021-11-08T07:44:32 UTC" finished-at="2021-11-08T07:44:32 UTC">
          <reporter-output>
          </reporter-output>
        </test-method> <!-- teardown -->
        <test-method status="PASS" signature="ReportTearDown()[pri:0, instance:test.LoginTest@7a187f14]" name="ReportTearDown" is-config="true" duration-ms="226" started-at="2021-11-08T07:44:32 UTC" finished-at="2021-11-08T07:44:33 UTC">
          <reporter-output>
          </reporter-output>
        </test-method> <!-- ReportTearDown -->
      </class> <!-- test.LoginTest -->
    </test> <!-- Test -->
  </suite> <!-- Suite -->
</testng-results>
